# JRE version: OpenJDK Runtime Environment Temurin-17.0.4.1+1 (17.0.4.1+1) (build 17.0.4.1+1)
# Java VM: OpenJDK 64-Bit Server VM Temurin-17.0.4.1+1 (17.0.4.1+1, mixed mode, tiered, compressed oops, compressed class ptrs, parallel gc, windows-amd64)
GC Precious Log:
 CPUs: 16 total, 16 available
 Memory: 10101M
 Large Page Support: Disabled
 NUMA Support: Disabled
 Compressed Oops: Enabled (32-bit)
 Alignments: Space 512K, Generation 512K, Heap 2M
 Heap Min Capacity: 100M
 Heap Initial Capacity: 100M
 Heap Max Capacity: 1G
 Pre-touch: Disabled
 Parallel Workers: 13
Heap:
 PSYoungGen      total 4096K, used 704K [0x00000000eab00000, 0x00000000eb000000, 0x0000000100000000)
  eden space 3072K, 0% used [0x00000000eab00000,0x00000000eab00000,0x00000000eae00000)
  from space 1024K, 68% used [0x00000000eae80000,0x00000000eaf30000,0x00000000eaf80000)
  to   space 512K, 0% used [0x00000000eaf80000,0x00000000eaf80000,0x00000000eb000000)
 ParOldGen       total 156672K, used 156217K [0x00000000c0000000, 0x00000000c9900000, 0x00000000eab00000)
  object space 156672K, 99% used [0x00000000c0000000,0x00000000c988e4c8,0x00000000c9900000)
 Metaspace       used 97991K, committed 99200K, reserved 1138688K
  class space    used 9691K, committed 10240K, reserved 1048576K
GC Heap History (20 events):
Event: 88829.097 GC heap after
{Heap after GC invocations=17550 (full 298):
 PSYoungGen      total 4096K, used 480K [0x00000000eab00000, 0x00000000eb000000, 0x0000000100000000)
  eden space 3072K, 0% used [0x00000000eab00000,0x00000000eab00000,0x00000000eae00000)
  from space 1024K, 46% used [0x00000000eaf00000,0x00000000eaf78000,0x00000000eb000000)
  to   space 1024K, 0% used [0x00000000eae00000,0x00000000eae00000,0x00000000eaf00000)
 ParOldGen       total 156160K, used 148370K [0x00000000c0000000, 0x00000000c9880000, 0x00000000eab00000)
  object space 156160K, 95% used [0x00000000c0000000,0x00000000c90e4838,0x00000000c9880000)
 Metaspace       used 97991K, committed 99200K, reserved 1138688K
  class space    used 9691K, committed 10240K, reserved 1048576K
}
Event: 88829.103 GC heap before
{Heap before GC invocations=17551 (full 298):
 PSYoungGen      total 4096K, used 3551K [0x00000000eab00000, 0x00000000eb000000, 0x0000000100000000)
  eden space 3072K, 99% used [0x00000000eab00000,0x00000000eadfffd0,0x00000000eae00000)
  from space 1024K, 46% used [0x00000000eaf00000,0x00000000eaf78000,0x00000000eb000000)
  to   space 1024K, 0% used [0x00000000eae00000,0x00000000eae00000,0x00000000eaf00000)
 ParOldGen       total 156160K, used 148370K [0x00000000c0000000, 0x00000000c9880000, 0x00000000eab00000)
  object space 156160K, 95% used [0x00000000c0000000,0x00000000c90e4838,0x00000000c9880000)
 Metaspace       used 97991K, committed 99200K, reserved 1138688K
  class space    used 9691K, committed 10240K, reserved 1048576K
}
Event: 88829.105 GC heap after
{Heap after GC invocations=17551 (full 298):
 PSYoungGen      total 4096K, used 992K [0x00000000eab00000, 0x00000000eb400000, 0x0000000100000000)
  eden space 3072K, 0% used [0x00000000eab00000,0x00000000eab00000,0x00000000eae00000)
  from space 1024K, 96% used [0x00000000eae00000,0x00000000eaef8200,0x00000000eaf00000)
  to   space 3072K, 0% used [0x00000000eb100000,0x00000000eb100000,0x00000000eb400000)
 ParOldGen       total 156160K, used 149695K [0x00000000c0000000, 0x00000000c9880000, 0x00000000eab00000)
  object space 156160K, 95% used [0x00000000c0000000,0x00000000c922fcd8,0x00000000c9880000)
 Metaspace       used 97991K, committed 99200K, reserved 1138688K
  class space    used 9691K, committed 10240K, reserved 1048576K
}
Event: 88829.123 GC heap before
{Heap before GC invocations=17552 (full 298):
 PSYoungGen      total 4096K, used 4064K [0x00000000eab00000, 0x00000000eb400000, 0x0000000100000000)
  eden space 3072K, 100% used [0x00000000eab00000,0x00000000eae00000,0x00000000eae00000)
  from space 1024K, 96% used [0x00000000eae00000,0x00000000eaef8200,0x00000000eaf00000)
  to   space 3072K, 0% used [0x00000000eb100000,0x00000000eb100000,0x00000000eb400000)
 ParOldGen       total 156160K, used 149695K [0x00000000c0000000, 0x00000000c9880000, 0x00000000eab00000)
  object space 156160K, 95% used [0x00000000c0000000,0x00000000c922fcd8,0x00000000c9880000)
 Metaspace       used 97991K, committed 99200K, reserved 1138688K
  class space    used 9691K, committed 10240K, reserved 1048576K
}
Event: 88829.125 GC heap after
{Heap after GC invocations=17552 (full 298):
 PSYoungGen      total 5632K, used 2432K [0x00000000eab00000, 0x00000000eb380000, 0x0000000100000000)
  eden space 3072K, 0% used [0x00000000eab00000,0x00000000eab00000,0x00000000eae00000)
  from space 2560K, 95% used [0x00000000eb100000,0x00000000eb360000,0x00000000eb380000)
  to   space 2560K, 0% used [0x00000000eae80000,0x00000000eae80000,0x00000000eb100000)
 ParOldGen       total 156160K, used 150740K [0x00000000c0000000, 0x00000000c9880000, 0x00000000eab00000)
  object space 156160K, 96% used [0x00000000c0000000,0x00000000c9335358,0x00000000c9880000)
 Metaspace       used 97991K, committed 99200K, reserved 1138688K
  class space    used 9691K, committed 10240K, reserved 1048576K
}
Event: 88829.319 GC heap before
{Heap before GC invocations=17553 (full 298):
 PSYoungGen      total 5632K, used 5504K [0x00000000eab00000, 0x00000000eb380000, 0x0000000100000000)
  eden space 3072K, 100% used [0x00000000eab00000,0x00000000eae00000,0x00000000eae00000)
  from space 2560K, 95% used [0x00000000eb100000,0x00000000eb360000,0x00000000eb380000)
  to   space 2560K, 0% used [0x00000000eae80000,0x00000000eae80000,0x00000000eb100000)
 ParOldGen       total 156160K, used 150740K [0x00000000c0000000, 0x00000000c9880000, 0x00000000eab00000)
  object space 156160K, 96% used [0x00000000c0000000,0x00000000c9335358,0x00000000c9880000)
 Metaspace       used 97991K, committed 99200K, reserved 1138688K
  class space    used 9691K, committed 10240K, reserved 1048576K
}
Event: 88829.323 GC heap after
{Heap after GC invocations=17553 (full 298):
 PSYoungGen      total 3584K, used 432K [0x00000000eab00000, 0x00000000eb180000, 0x0000000100000000)
  eden space 3072K, 0% used [0x00000000eab00000,0x00000000eab00000,0x00000000eae00000)
  from space 512K, 84% used [0x00000000eae80000,0x00000000eaeec010,0x00000000eaf00000)
  to   space 1536K, 0% used [0x00000000eb000000,0x00000000eb000000,0x00000000eb180000)
 ParOldGen       total 156160K, used 152780K [0x00000000c0000000, 0x00000000c9880000, 0x00000000eab00000)
  object space 156160K, 97% used [0x00000000c0000000,0x00000000c9533358,0x00000000c9880000)
 Metaspace       used 97991K, committed 99200K, reserved 1138688K
  class space    used 9691K, committed 10240K, reserved 1048576K
}
Event: 88829.330 GC heap before
{Heap before GC invocations=17554 (full 298):
 PSYoungGen      total 3584K, used 3504K [0x00000000eab00000, 0x00000000eb180000, 0x0000000100000000)
  eden space 3072K, 100% used [0x00000000eab00000,0x00000000eae00000,0x00000000eae00000)
  from space 512K, 84% used [0x00000000eae80000,0x00000000eaeec010,0x00000000eaf00000)
  to   space 1536K, 0% used [0x00000000eb000000,0x00000000eb000000,0x00000000eb180000)
 ParOldGen       total 156160K, used 152780K [0x00000000c0000000, 0x00000000c9880000, 0x00000000eab00000)
  object space 156160K, 97% used [0x00000000c0000000,0x00000000c9533358,0x00000000c9880000)
 Metaspace       used 97991K, committed 99200K, reserved 1138688K
  class space    used 9691K, committed 10240K, reserved 1048576K
}
Event: 88829.331 GC heap after
{Heap after GC invocations=17554 (full 298):
 PSYoungGen      total 4096K, used 816K [0x00000000eab00000, 0x00000000eb100000, 0x0000000100000000)
  eden space 3072K, 0% used [0x00000000eab00000,0x00000000eab00000,0x00000000eae00000)
  from space 1024K, 79% used [0x00000000eb000000,0x00000000eb0cc010,0x00000000eb100000)
  to   space 1024K, 0% used [0x00000000eaf00000,0x00000000eaf00000,0x00000000eb000000)
 ParOldGen       total 156160K, used 153105K [0x00000000c0000000, 0x00000000c9880000, 0x00000000eab00000)
  object space 156160K, 98% used [0x00000000c0000000,0x00000000c95847f8,0x00000000c9880000)
 Metaspace       used 97991K, committed 99200K, reserved 1138688K
  class space    used 9691K, committed 10240K, reserved 1048576K
}
Event: 88829.338 GC heap before
{Heap before GC invocations=17555 (full 298):
 PSYoungGen      total 4096K, used 3888K [0x00000000eab00000, 0x00000000eb100000, 0x0000000100000000)
  eden space 3072K, 100% used [0x00000000eab00000,0x00000000eae00000,0x00000000eae00000)
  from space 1024K, 79% used [0x00000000eb000000,0x00000000eb0cc010,0x00000000eb100000)
  to   space 1024K, 0% used [0x00000000eaf00000,0x00000000eaf00000,0x00000000eb000000)
 ParOldGen       total 156160K, used 153105K [0x00000000c0000000, 0x00000000c9880000, 0x00000000eab00000)
  object space 156160K, 98% used [0x00000000c0000000,0x00000000c95847f8,0x00000000c9880000)
 Metaspace       used 97991K, committed 99200K, reserved 1138688K
  class space    used 9691K, committed 10240K, reserved 1048576K
}
Event: 88829.339 GC heap after
{Heap after GC invocations=17555 (full 298):
 PSYoungGen      total 4096K, used 992K [0x00000000eab00000, 0x00000000eb200000, 0x0000000100000000)
  eden space 3072K, 0% used [0x00000000eab00000,0x00000000eab00000,0x00000000eae00000)
  from space 1024K, 96% used [0x00000000eaf00000,0x00000000eaff8020,0x00000000eb000000)
  to   space 2048K, 0% used [0x00000000eb000000,0x00000000eb000000,0x00000000eb200000)
 ParOldGen       total 156160K, used 153919K [0x00000000c0000000, 0x00000000c9880000, 0x00000000eab00000)
  object space 156160K, 98% used [0x00000000c0000000,0x00000000c964fc98,0x00000000c9880000)
 Metaspace       used 97991K, committed 99200K, reserved 1138688K
  class space    used 9691K, committed 10240K, reserved 1048576K
}
Event: 88829.348 GC heap before
{Heap before GC invocations=17556 (full 298):
 PSYoungGen      total 4096K, used 4064K [0x00000000eab00000, 0x00000000eb200000, 0x0000000100000000)
  eden space 3072K, 100% used [0x00000000eab00000,0x00000000eae00000,0x00000000eae00000)
  from space 1024K, 96% used [0x00000000eaf00000,0x00000000eaff8020,0x00000000eb000000)
  to   space 2048K, 0% used [0x00000000eb000000,0x00000000eb000000,0x00000000eb200000)
 ParOldGen       total 156160K, used 153919K [0x00000000c0000000, 0x00000000c9880000, 0x00000000eab00000)
  object space 156160K, 98% used [0x00000000c0000000,0x00000000c964fc98,0x00000000c9880000)
 Metaspace       used 97991K, committed 99200K, reserved 1138688K
  class space    used 9691K, committed 10240K, reserved 1048576K
}
Event: 88829.349 GC heap after
{Heap after GC invocations=17556 (full 298):
 PSYoungGen      total 4096K, used 704K [0x00000000eab00000, 0x00000000eb100000, 0x0000000100000000)
  eden space 3072K, 0% used [0x00000000eab00000,0x00000000eab00000,0x00000000eae00000)
  from space 1024K, 68% used [0x00000000eb000000,0x00000000eb0b0000,0x00000000eb100000)
  to   space 1536K, 0% used [0x00000000eae00000,0x00000000eae00000,0x00000000eaf80000)
 ParOldGen       total 156160K, used 154946K [0x00000000c0000000, 0x00000000c9880000, 0x00000000eab00000)
  object space 156160K, 99% used [0x00000000c0000000,0x00000000c9750b98,0x00000000c9880000)
 Metaspace       used 97991K, committed 99200K, reserved 1138688K
  class space    used 9691K, committed 10240K, reserved 1048576K
}
Event: 88829.357 GC heap before
{Heap before GC invocations=17557 (full 298):
 PSYoungGen      total 4096K, used 3776K [0x00000000eab00000, 0x00000000eb100000, 0x0000000100000000)
  eden space 3072K, 100% used [0x00000000eab00000,0x00000000eae00000,0x00000000eae00000)
  from space 1024K, 68% used [0x00000000eb000000,0x00000000eb0b0000,0x00000000eb100000)
  to   space 1536K, 0% used [0x00000000eae00000,0x00000000eae00000,0x00000000eaf80000)
 ParOldGen       total 156160K, used 154946K [0x00000000c0000000, 0x00000000c9880000, 0x00000000eab00000)
  object space 156160K, 99% used [0x00000000c0000000,0x00000000c9750b98,0x00000000c9880000)
 Metaspace       used 97991K, committed 99200K, reserved 1138688K
  class space    used 9691K, committed 10240K, reserved 1048576K
}
Event: 88829.358 GC heap after
{Heap after GC invocations=17557 (full 298):
 PSYoungGen      total 4608K, used 464K [0x00000000eab00000, 0x00000000eb080000, 0x0000000100000000)
  eden space 3072K, 0% used [0x00000000eab00000,0x00000000eab00000,0x00000000eae00000)
  from space 1536K, 30% used [0x00000000eae00000,0x00000000eae74010,0x00000000eaf80000)
  to   space 1024K, 0% used [0x00000000eaf80000,0x00000000eaf80000,0x00000000eb080000)
 ParOldGen       total 156160K, used 155440K [0x00000000c0000000, 0x00000000c9880000, 0x00000000eab00000)
  object space 156160K, 99% used [0x00000000c0000000,0x00000000c97cc038,0x00000000c9880000)
 Metaspace       used 97991K, committed 99200K, reserved 1138688K
  class space    used 9691K, committed 10240K, reserved 1048576K
}
Event: 88829.366 GC heap before
{Heap before GC invocations=17558 (full 298):
 PSYoungGen      total 4608K, used 3536K [0x00000000eab00000, 0x00000000eb080000, 0x0000000100000000)
  eden space 3072K, 100% used [0x00000000eab00000,0x00000000eae00000,0x00000000eae00000)
  from space 1536K, 30% used [0x00000000eae00000,0x00000000eae74010,0x00000000eaf80000)
  to   space 1024K, 0% used [0x00000000eaf80000,0x00000000eaf80000,0x00000000eb080000)
 ParOldGen       total 156160K, used 155440K [0x00000000c0000000, 0x00000000c9880000, 0x00000000eab00000)
  object space 156160K, 99% used [0x00000000c0000000,0x00000000c97cc038,0x00000000c9880000)
 Metaspace       used 97991K, committed 99200K, reserved 1138688K
  class space    used 9691K, committed 10240K, reserved 1048576K
}
Event: 88829.367 GC heap after
{Heap after GC invocations=17558 (full 298):
 PSYoungGen      total 4096K, used 640K [0x00000000eab00000, 0x00000000eb080000, 0x0000000100000000)
  eden space 3072K, 0% used [0x00000000eab00000,0x00000000eab00000,0x00000000eae00000)
  from space 1024K, 62% used [0x00000000eaf80000,0x00000000eb020000,0x00000000eb080000)
  to   space 1024K, 0% used [0x00000000eae80000,0x00000000eae80000,0x00000000eaf80000)
 ParOldGen       total 156160K, used 155725K [0x00000000c0000000, 0x00000000c9880000, 0x00000000eab00000)
  object space 156160K, 99% used [0x00000000c0000000,0x00000000c98134d8,0x00000000c9880000)
 Metaspace       used 97991K, committed 99200K, reserved 1138688K
  class space    used 9691K, committed 10240K, reserved 1048576K
}
Event: 88829.376 GC heap before
{Heap before GC invocations=17559 (full 298):
 PSYoungGen      total 4096K, used 3712K [0x00000000eab00000, 0x00000000eb080000, 0x0000000100000000)
  eden space 3072K, 100% used [0x00000000eab00000,0x00000000eae00000,0x00000000eae00000)
  from space 1024K, 62% used [0x00000000eaf80000,0x00000000eb020000,0x00000000eb080000)
  to   space 1024K, 0% used [0x00000000eae80000,0x00000000eae80000,0x00000000eaf80000)
 ParOldGen       total 156160K, used 155725K [0x00000000c0000000, 0x00000000c9880000, 0x00000000eab00000)
  object space 156160K, 99% used [0x00000000c0000000,0x00000000c98134d8,0x00000000c9880000)
 Metaspace       used 97991K, committed 99200K, reserved 1138688K
  class space    used 9691K, committed 10240K, reserved 1048576K
}
Event: 88829.377 GC heap after
{Heap after GC invocations=17559 (full 298):
 PSYoungGen      total 4096K, used 704K [0x00000000eab00000, 0x00000000eb000000, 0x0000000100000000)
  eden space 3072K, 0% used [0x00000000eab00000,0x00000000eab00000,0x00000000eae00000)
  from space 1024K, 68% used [0x00000000eae80000,0x00000000eaf30000,0x00000000eaf80000)
  to   space 512K, 0% used [0x00000000eaf80000,0x00000000eaf80000,0x00000000eb000000)
 ParOldGen       total 156672K, used 156217K [0x00000000c0000000, 0x00000000c9900000, 0x00000000eab00000)
  object space 156672K, 99% used [0x00000000c0000000,0x00000000c988e4c8,0x00000000c9900000)
 Metaspace       used 97991K, committed 99200K, reserved 1138688K
  class space    used 9691K, committed 10240K, reserved 1048576K
}
Event: 88829.377 GC heap before
{Heap before GC invocations=17560 (full 299):
 PSYoungGen      total 4096K, used 704K [0x00000000eab00000, 0x00000000eb000000, 0x0000000100000000)
  eden space 3072K, 0% used [0x00000000eab00000,0x00000000eab00000,0x00000000eae00000)
  from space 1024K, 68% used [0x00000000eae80000,0x00000000eaf30000,0x00000000eaf80000)
  to   space 512K, 0% used [0x00000000eaf80000,0x00000000eaf80000,0x00000000eb000000)
 ParOldGen       total 156672K, used 156217K [0x00000000c0000000, 0x00000000c9900000, 0x00000000eab00000)
  object space 156672K, 99% used [0x00000000c0000000,0x00000000c988e4c8,0x00000000c9900000)
 Metaspace       used 97991K, committed 99200K, reserved 1138688K
  class space    used 9691K, committed 10240K, reserved 1048576K
}

